# JRE version: 7.0_11-b21
# Java VM: Java HotSpot(TM) 64-Bit Server VM (23.6-b04 mixed mode windows-amd64 compressed oops)
Heap
 PSYoungGen      total 15872K, used 13763K [0x00000000fa000000, 0x00000000fb000000, 0x0000000100000000)
  eden space 15360K, 87% used [0x00000000fa000000,0x00000000fad10da0,0x00000000faf00000)
  from space 512K, 75% used [0x00000000faf00000,0x00000000faf60000,0x00000000faf80000)
  to   space 512K, 0% used [0x00000000faf80000,0x00000000faf80000,0x00000000fb000000)
 ParOldGen       total 57664K, used 50087K [0x00000000e8000000, 0x00000000eb850000, 0x00000000fa000000)
  object space 57664K, 86% used [0x00000000e8000000,0x00000000eb0e9fb8,0x00000000eb850000)
 PSPermGen       total 111872K, used 58683K [0x00000000e0000000, 0x00000000e6d40000, 0x00000000e8000000)
  object space 111872K, 52% used [0x00000000e0000000,0x00000000e394eeb0,0x00000000e6d40000)
GC Heap History (10 events):
Event: 25674.462 GC heap before
{Heap before GC invocations=861 (full 4):
 PSYoungGen      total 15872K, used 15776K [0x00000000fa000000, 0x00000000fb000000, 0x0000000100000000)
  eden space 15360K, 100% used [0x00000000fa000000,0x00000000faf00000,0x00000000faf00000)
  from space 512K, 81% used [0x00000000faf80000,0x00000000fafe8000,0x00000000fb000000)
  to   space 512K, 0% used [0x00000000faf00000,0x00000000faf00000,0x00000000faf80000)
 ParOldGen       total 57664K, used 49935K [0x00000000e8000000, 0x00000000eb850000, 0x00000000fa000000)
  object space 57664K, 86% used [0x00000000e8000000,0x00000000eb0c3fb8,0x00000000eb850000)
 PSPermGen       total 111872K, used 58631K [0x00000000e0000000, 0x00000000e6d40000, 0x00000000e8000000)
  object space 111872K, 52% used [0x00000000e0000000,0x00000000e3941fd0,0x00000000e6d40000)
Event: 25674.464 GC heap after
Heap after GC invocations=861 (full 4):
 PSYoungGen      total 15872K, used 416K [0x00000000fa000000, 0x00000000fb000000, 0x0000000100000000)
  eden space 15360K, 0% used [0x00000000fa000000,0x00000000fa000000,0x00000000faf00000)
  from space 512K, 81% used [0x00000000faf00000,0x00000000faf68000,0x00000000faf80000)
  to   space 512K, 0% used [0x00000000faf80000,0x00000000faf80000,0x00000000fb000000)
 ParOldGen       total 57664K, used 49959K [0x00000000e8000000, 0x00000000eb850000, 0x00000000fa000000)
  object space 57664K, 86% used [0x00000000e8000000,0x00000000eb0c9fb8,0x00000000eb850000)
 PSPermGen       total 111872K, used 58631K [0x00000000e0000000, 0x00000000e6d40000, 0x00000000e8000000)
  object space 111872K, 52% used [0x00000000e0000000,0x00000000e3941fd0,0x00000000e6d40000)
}
Event: 25694.835 GC heap before
{Heap before GC invocations=862 (full 4):
 PSYoungGen      total 15872K, used 15776K [0x00000000fa000000, 0x00000000fb000000, 0x0000000100000000)
  eden space 15360K, 100% used [0x00000000fa000000,0x00000000faf00000,0x00000000faf00000)
  from space 512K, 81% used [0x00000000faf00000,0x00000000faf68000,0x00000000faf80000)
  to   space 512K, 0% used [0x00000000faf80000,0x00000000faf80000,0x00000000fb000000)
 ParOldGen       total 57664K, used 49959K [0x00000000e8000000, 0x00000000eb850000, 0x00000000fa000000)
  object space 57664K, 86% used [0x00000000e8000000,0x00000000eb0c9fb8,0x00000000eb850000)
 PSPermGen       total 111872K, used 58631K [0x00000000e0000000, 0x00000000e6d40000, 0x00000000e8000000)
  object space 111872K, 52% used [0x00000000e0000000,0x00000000e3941fd0,0x00000000e6d40000)
Event: 25694.837 GC heap after
Heap after GC invocations=862 (full 4):
 PSYoungGen      total 15872K, used 384K [0x00000000fa000000, 0x00000000fb000000, 0x0000000100000000)
  eden space 15360K, 0% used [0x00000000fa000000,0x00000000fa000000,0x00000000faf00000)
  from space 512K, 75% used [0x00000000faf80000,0x00000000fafe0000,0x00000000fb000000)
  to   space 512K, 0% used [0x00000000faf00000,0x00000000faf00000,0x00000000faf80000)
 ParOldGen       total 57664K, used 49983K [0x00000000e8000000, 0x00000000eb850000, 0x00000000fa000000)
  object space 57664K, 86% used [0x00000000e8000000,0x00000000eb0cffb8,0x00000000eb850000)
 PSPermGen       total 111872K, used 58631K [0x00000000e0000000, 0x00000000e6d40000, 0x00000000e8000000)
  object space 111872K, 52% used [0x00000000e0000000,0x00000000e3941fd0,0x00000000e6d40000)
}
Event: 25715.023 GC heap before
{Heap before GC invocations=863 (full 4):
 PSYoungGen      total 15872K, used 15744K [0x00000000fa000000, 0x00000000fb000000, 0x0000000100000000)
  eden space 15360K, 100% used [0x00000000fa000000,0x00000000faf00000,0x00000000faf00000)
  from space 512K, 75% used [0x00000000faf80000,0x00000000fafe0000,0x00000000fb000000)
  to   space 512K, 0% used [0x00000000faf00000,0x00000000faf00000,0x00000000faf80000)
 ParOldGen       total 57664K, used 49983K [0x00000000e8000000, 0x00000000eb850000, 0x00000000fa000000)
  object space 57664K, 86% used [0x00000000e8000000,0x00000000eb0cffb8,0x00000000eb850000)
 PSPermGen       total 111872K, used 58631K [0x00000000e0000000, 0x00000000e6d40000, 0x00000000e8000000)
  object space 111872K, 52% used [0x00000000e0000000,0x00000000e3941fd0,0x00000000e6d40000)
Event: 25715.025 GC heap after
Heap after GC invocations=863 (full 4):
 PSYoungGen      total 15872K, used 384K [0x00000000fa000000, 0x00000000fb000000, 0x0000000100000000)
  eden space 15360K, 0% used [0x00000000fa000000,0x00000000fa000000,0x00000000faf00000)
  from space 512K, 75% used [0x00000000faf00000,0x00000000faf60000,0x00000000faf80000)
  to   space 512K, 0% used [0x00000000faf80000,0x00000000faf80000,0x00000000fb000000)
 ParOldGen       total 57664K, used 50007K [0x00000000e8000000, 0x00000000eb850000, 0x00000000fa000000)
  object space 57664K, 86% used [0x00000000e8000000,0x00000000eb0d5fb8,0x00000000eb850000)
 PSPermGen       total 111872K, used 58631K [0x00000000e0000000, 0x00000000e6d40000, 0x00000000e8000000)
  object space 111872K, 52% used [0x00000000e0000000,0x00000000e3941fd0,0x00000000e6d40000)
}
Event: 25735.484 GC heap before
{Heap before GC invocations=864 (full 4):
 PSYoungGen      total 15872K, used 15744K [0x00000000fa000000, 0x00000000fb000000, 0x0000000100000000)
  eden space 15360K, 100% used [0x00000000fa000000,0x00000000faf00000,0x00000000faf00000)
  from space 512K, 75% used [0x00000000faf00000,0x00000000faf60000,0x00000000faf80000)
  to   space 512K, 0% used [0x00000000faf80000,0x00000000faf80000,0x00000000fb000000)
 ParOldGen       total 57664K, used 50007K [0x00000000e8000000, 0x00000000eb850000, 0x00000000fa000000)
  object space 57664K, 86% used [0x00000000e8000000,0x00000000eb0d5fb8,0x00000000eb850000)
 PSPermGen       total 111872K, used 58631K [0x00000000e0000000, 0x00000000e6d40000, 0x00000000e8000000)
  object space 111872K, 52% used [0x00000000e0000000,0x00000000e3941fd0,0x00000000e6d40000)
Event: 25735.499 GC heap after
Heap after GC invocations=864 (full 4):
 PSYoungGen      total 15872K, used 448K [0x00000000fa000000, 0x00000000fb000000, 0x0000000100000000)
  eden space 15360K, 0% used [0x00000000fa000000,0x00000000fa000000,0x00000000faf00000)
  from space 512K, 87% used [0x00000000faf80000,0x00000000faff0000,0x00000000fb000000)
  to   space 512K, 0% used [0x00000000faf00000,0x00000000faf00000,0x00000000faf80000)
 ParOldGen       total 57664K, used 50063K [0x00000000e8000000, 0x00000000eb850000, 0x00000000fa000000)
  object space 57664K, 86% used [0x00000000e8000000,0x00000000eb0e3fb8,0x00000000eb850000)
 PSPermGen       total 111872K, used 58631K [0x00000000e0000000, 0x00000000e6d40000, 0x00000000e8000000)
  object space 111872K, 52% used [0x00000000e0000000,0x00000000e3941fd0,0x00000000e6d40000)
}
Event: 25755.937 GC heap before
{Heap before GC invocations=865 (full 4):
 PSYoungGen      total 15872K, used 15808K [0x00000000fa000000, 0x00000000fb000000, 0x0000000100000000)
  eden space 15360K, 100% used [0x00000000fa000000,0x00000000faf00000,0x00000000faf00000)
  from space 512K, 87% used [0x00000000faf80000,0x00000000faff0000,0x00000000fb000000)
  to   space 512K, 0% used [0x00000000faf00000,0x00000000faf00000,0x00000000faf80000)
 ParOldGen       total 57664K, used 50063K [0x00000000e8000000, 0x00000000eb850000, 0x00000000fa000000)
  object space 57664K, 86% used [0x00000000e8000000,0x00000000eb0e3fb8,0x00000000eb850000)
 PSPermGen       total 111872K, used 58631K [0x00000000e0000000, 0x00000000e6d40000, 0x00000000e8000000)
  object space 111872K, 52% used [0x00000000e0000000,0x00000000e3941fd0,0x00000000e6d40000)
Event: 25755.948 GC heap after
Heap after GC invocations=865 (full 4):
 PSYoungGen      total 15872K, used 384K [0x00000000fa000000, 0x00000000fb000000, 0x0000000100000000)
  eden space 15360K, 0% used [0x00000000fa000000,0x00000000fa000000,0x00000000faf00000)
  from space 512K, 75% used [0x00000000faf00000,0x00000000faf60000,0x00000000faf80000)
  to   space 512K, 0% used [0x00000000faf80000,0x00000000faf80000,0x00000000fb000000)
 ParOldGen       total 57664K, used 50087K [0x00000000e8000000, 0x00000000eb850000, 0x00000000fa000000)
  object space 57664K, 86% used [0x00000000e8000000,0x00000000eb0e9fb8,0x00000000eb850000)
 PSPermGen       total 111872K, used 58631K [0x00000000e0000000, 0x00000000e6d40000, 0x00000000e8000000)
  object space 111872K, 52% used [0x00000000e0000000,0x00000000e3941fd0,0x00000000e6d40000)
}

